<?xml version="1.0" encoding="UTF-8"?>
<testsuite xmlns:xsi="http://www.w3.org/2001/XMLSchema-instance" xsi:noNamespaceSchemaLocation="https://maven.apache.org/surefire/maven-surefire-plugin/xsd/surefire-test-report-3.0.xsd" version="3.0" name="TestSuite" time="0.742" tests="1" errors="0" skipped="0" failures="0">
  <properties>
    <property name="java.specification.version" value="17"/>
    <property name="sun.jnu.encoding" value="UTF-8"/>
    <property name="java.class.path" value="/Users/nikafartenadze/.m2/repository/org/apache/maven/surefire/surefire-booter/3.0.0-M6/surefire-booter-3.0.0-M6.jar:/Users/nikafartenadze/.m2/repository/org/apache/maven/surefire/surefire-api/3.0.0-M6/surefire-api-3.0.0-M6.jar:/Users/nikafartenadze/.m2/repository/org/apache/maven/surefire/surefire-logger-api/3.0.0-M6/surefire-logger-api-3.0.0-M6.jar:/Users/nikafartenadze/.m2/repository/org/apache/maven/surefire/surefire-shared-utils/3.0.0-M6/surefire-shared-utils-3.0.0-M6.jar:/Users/nikafartenadze/.m2/repository/org/apache/maven/surefire/surefire-extensions-spi/3.0.0-M6/surefire-extensions-spi-3.0.0-M6.jar:/Users/nikafartenadze/Desktop/PostEduTasks/carina/cucumber/target/test-classes:/Users/nikafartenadze/Desktop/PostEduTasks/carina/cucumber/target/classes:/Users/nikafartenadze/.m2/repository/com/qaprosoft/carina-cucumber/7.4.28/carina-cucumber-7.4.28.jar:/Users/nikafartenadze/.m2/repository/com/qaprosoft/carina-core/7.4.27/carina-core-7.4.27.jar:/Users/nikafartenadze/.m2/repository/com/qaprosoft/carina-dataprovider/7.4.27/carina-dataprovider-7.4.27.jar:/Users/nikafartenadze/.m2/repository/com/qaprosoft/carina-commons/7.4.27/carina-commons-7.4.27.jar:/Users/nikafartenadze/.m2/repository/net/sf/opencsv/opencsv/1.7/opencsv-1.7.jar:/Users/nikafartenadze/.m2/repository/org/apache/poi/poi-ooxml/4.1.2/poi-ooxml-4.1.2.jar:/Users/nikafartenadze/.m2/repository/org/apache/poi/poi/4.1.2/poi-4.1.2.jar:/Users/nikafartenadze/.m2/repository/org/apache/commons/commons-collections4/4.4/commons-collections4-4.4.jar:/Users/nikafartenadze/.m2/repository/org/apache/commons/commons-math3/3.6.1/commons-math3-3.6.1.jar:/Users/nikafartenadze/.m2/repository/com/zaxxer/SparseBitSet/1.2/SparseBitSet-1.2.jar:/Users/nikafartenadze/.m2/repository/org/apache/poi/poi-ooxml-schemas/4.1.2/poi-ooxml-schemas-4.1.2.jar:/Users/nikafartenadze/.m2/repository/org/apache/xmlbeans/xmlbeans/3.1.0/xmlbeans-3.1.0.jar:/Users/nikafartenadze/.m2/repository/org/apache/commons/commons-compress/1.19/commons-compress-1.19.jar:/Users/nikafartenadze/.m2/repository/com/github/virtuald/curvesapi/1.06/curvesapi-1.06.jar:/Users/nikafartenadze/.m2/repository/com/qaprosoft/carina-utils/7.4.27/carina-utils-7.4.27.jar:/Users/nikafartenadze/.m2/repository/com/qaprosoft/carina-crypto/7.4.27/carina-crypto-7.4.27.jar:/Users/nikafartenadze/.m2/repository/commons-cli/commons-cli/1.2/commons-cli-1.2.jar:/Users/nikafartenadze/.m2/repository/commons-codec/commons-codec/1.9/commons-codec-1.9.jar:/Users/nikafartenadze/.m2/repository/com/zebrunner/agent-testng-pluggable/1.7.4/agent-testng-pluggable-1.7.4.jar:/Users/nikafartenadze/.m2/repository/com/zebrunner/agent-core/1.7.4/agent-core-1.7.4.jar:/Users/nikafartenadze/.m2/repository/com/konghq/unirest-java/3.13.10/unirest-java-3.13.10.jar:/Users/nikafartenadze/.m2/repository/org/apache/httpcomponents/httpcore-nio/4.4.13/httpcore-nio-4.4.13.jar:/Users/nikafartenadze/.m2/repository/org/apache/httpcomponents/httpasyncclient/4.1.5/httpasyncclient-4.1.5.jar:/Users/nikafartenadze/.m2/repository/org/yaml/snakeyaml/1.30/snakeyaml-1.30.jar:/Users/nikafartenadze/.m2/repository/org/apache/logging/log4j/log4j-slf4j-impl/2.17.1/log4j-slf4j-impl-2.17.1.jar:/Users/nikafartenadze/.m2/repository/org/seleniumhq/selenium/selenium-api/3.141.59/selenium-api-3.141.59.jar:/Users/nikafartenadze/.m2/repository/org/seleniumhq/selenium/selenium-remote-driver/3.141.59/selenium-remote-driver-3.141.59.jar:/Users/nikafartenadze/.m2/repository/com/sun/jna/jna/3.0.9/jna-3.0.9.jar:/Users/nikafartenadze/.m2/repository/io/rest-assured/rest-assured/4.3.0/rest-assured-4.3.0.jar:/Users/nikafartenadze/.m2/repository/org/codehaus/groovy/groovy/3.0.2/groovy-3.0.2.jar:/Users/nikafartenadze/.m2/repository/org/codehaus/groovy/groovy-xml/3.0.2/groovy-xml-3.0.2.jar:/Users/nikafartenadze/.m2/repository/org/apache/httpcomponents/httpmime/4.5.3/httpmime-4.5.3.jar:/Users/nikafartenadze/.m2/repository/org/hamcrest/hamcrest/2.1/hamcrest-2.1.jar:/Users/nikafartenadze/.m2/repository/org/ccil/cowan/tagsoup/tagsoup/1.2.1/tagsoup-1.2.1.jar:/Users/nikafartenadze/.m2/repository/io/rest-assured/xml-path/4.3.0/xml-path-4.3.0.jar:/Users/nikafartenadze/.m2/repository/jakarta/xml/bind/jakarta.xml.bind-api/2.3.2/jakarta.xml.bind-api-2.3.2.jar:/Users/nikafartenadze/.m2/repository/jakarta/activation/jakarta.activation-api/1.2.1/jakarta.activation-api-1.2.1.jar:/Users/nikafartenadze/.m2/repository/com/sun/xml/bind/jaxb-osgi/2.3.0.1/jaxb-osgi-2.3.0.1.jar:/Users/nikafartenadze/.m2/repository/org/apache/sling/org.apache.sling.javax.activation/0.1.0/org.apache.sling.javax.activation-0.1.0.jar:/Users/nikafartenadze/.m2/repository/io/rest-assured/json-path/4.3.0/json-path-4.3.0.jar:/Users/nikafartenadze/.m2/repository/org/codehaus/groovy/groovy-json/3.0.2/groovy-json-3.0.2.jar:/Users/nikafartenadze/.m2/repository/io/rest-assured/rest-assured-common/4.3.0/rest-assured-common-4.3.0.jar:/Users/nikafartenadze/.m2/repository/org/apache/pdfbox/pdfbox/2.0.24/pdfbox-2.0.24.jar:/Users/nikafartenadze/.m2/repository/org/apache/pdfbox/fontbox/2.0.24/fontbox-2.0.24.jar:/Users/nikafartenadze/.m2/repository/com/fasterxml/jackson/core/jackson-core/2.13.3/jackson-core-2.13.3.jar:/Users/nikafartenadze/.m2/repository/com/fasterxml/jackson/core/jackson-annotations/2.13.3/jackson-annotations-2.13.3.jar:/Users/nikafartenadze/.m2/repository/org/mongodb/mongo-java-driver/2.11.3/mongo-java-driver-2.11.3.jar:/Users/nikafartenadze/.m2/repository/commons-net/commons-net/3.3/commons-net-3.3.jar:/Users/nikafartenadze/.m2/repository/org/imgscalr/imgscalr-lib/4.2/imgscalr-lib-4.2.jar:/Users/nikafartenadze/.m2/repository/com/google/code/gson/gson/2.9.0/gson-2.9.0.jar:/Users/nikafartenadze/.m2/repository/javax/xml/bind/jaxb-api/2.2.2/jaxb-api-2.2.2.jar:/Users/nikafartenadze/.m2/repository/javax/xml/stream/stax-api/1.0-2/stax-api-1.0-2.jar:/Users/nikafartenadze/.m2/repository/javax/activation/activation/1.1/activation-1.1.jar:/Users/nikafartenadze/.m2/repository/com/qaprosoft/carina-api/7.4.27/carina-api-7.4.27.jar:/Users/nikafartenadze/.m2/repository/org/apache/httpcomponents/httpclient/4.5.13/httpclient-4.5.13.jar:/Users/nikafartenadze/.m2/repository/org/apache/httpcomponents/httpcore/4.4.13/httpcore-4.4.13.jar:/Users/nikafartenadze/.m2/repository/org/apache/commons/commons-configuration2/2.8.0/commons-configuration2-2.8.0.jar:/Users/nikafartenadze/.m2/repository/org/apache/commons/commons-text/1.10.0/commons-text-1.10.0.jar:/Users/nikafartenadze/.m2/repository/org/freemarker/freemarker/2.3.31/freemarker-2.3.31.jar:/Users/nikafartenadze/.m2/repository/org/skyscreamer/jsonassert/1.5.0/jsonassert-1.5.0.jar:/Users/nikafartenadze/.m2/repository/ognl/ognl/3.3.2/ognl-3.3.2.jar:/Users/nikafartenadze/.m2/repository/org/javassist/javassist/3.28.0-GA/javassist-3.28.0-GA.jar:/Users/nikafartenadze/.m2/repository/org/xmlunit/xmlunit-assertj3/2.8.2/xmlunit-assertj3-2.8.2.jar:/Users/nikafartenadze/.m2/repository/org/xmlunit/xmlunit-core/2.8.2/xmlunit-core-2.8.2.jar:/Users/nikafartenadze/.m2/repository/org/assertj/assertj-core/3.18.1/assertj-core-3.18.1.jar:/Users/nikafartenadze/.m2/repository/io/rest-assured/json-schema-validator/4.3.0/json-schema-validator-4.3.0.jar:/Users/nikafartenadze/.m2/repository/com/github/java-json-tools/json-schema-validator/2.2.10/json-schema-validator-2.2.10.jar:/Users/nikafartenadze/.m2/repository/com/github/java-json-tools/json-schema-core/1.2.10/json-schema-core-1.2.10.jar:/Users/nikafartenadze/.m2/repository/com/github/java-json-tools/jackson-coreutils/1.9/jackson-coreutils-1.9.jar:/Users/nikafartenadze/.m2/repository/com/github/fge/msg-simple/1.1/msg-simple-1.1.jar:/Users/nikafartenadze/.m2/repository/com/github/fge/btf/1.2/btf-1.2.jar:/Users/nikafartenadze/.m2/repository/com/github/fge/uri-template/0.9/uri-template-0.9.jar:/Users/nikafartenadze/.m2/repository/org/mozilla/rhino/1.7.7.1/rhino-1.7.7.1.jar:/Users/nikafartenadze/.m2/repository/javax/mail/mailapi/1.4.3/mailapi-1.4.3.jar:/Users/nikafartenadze/.m2/repository/com/googlecode/libphonenumber/libphonenumber/8.0.0/libphonenumber-8.0.0.jar:/Users/nikafartenadze/.m2/repository/net/sf/jopt-simple/jopt-simple/5.0.3/jopt-simple-5.0.3.jar:/Users/nikafartenadze/.m2/repository/org/everit/json/org.everit.json.schema/1.5.1/org.everit.json.schema-1.5.1.jar:/Users/nikafartenadze/.m2/repository/org/json/json/20160810/json-20160810.jar:/Users/nikafartenadze/.m2/repository/com/jayway/jsonpath/json-path/2.5.0/json-path-2.5.0.jar:/Users/nikafartenadze/.m2/repository/net/minidev/json-smart/2.3/json-smart-2.3.jar:/Users/nikafartenadze/.m2/repository/net/minidev/accessors-smart/1.2/accessors-smart-1.2.jar:/Users/nikafartenadze/.m2/repository/com/qaprosoft/carina-reporting/7.4.27/carina-reporting-7.4.27.jar:/Users/nikafartenadze/.m2/repository/com/qaprosoft/carina-webdriver/7.4.27/carina-webdriver-7.4.27.jar:/Users/nikafartenadze/.m2/repository/org/seleniumhq/selenium/selenium-firefox-driver/3.141.59/selenium-firefox-driver-3.141.59.jar:/Users/nikafartenadze/.m2/repository/org/seleniumhq/selenium/selenium-chrome-driver/3.141.59/selenium-chrome-driver-3.141.59.jar:/Users/nikafartenadze/.m2/repository/ru/yandex/qatools/ashot/ashot/1.5.4/ashot-1.5.4.jar:/Users/nikafartenadze/.m2/repository/com/itextpdf/itextpdf/5.5.13.2/itextpdf-5.5.13.2.jar:/Users/nikafartenadze/.m2/repository/org/reflections/reflections/0.9.10/reflections-0.9.10.jar:/Users/nikafartenadze/.m2/repository/com/google/code/findbugs/annotations/2.0.1/annotations-2.0.1.jar:/Users/nikafartenadze/.m2/repository/com/sun/jersey/jersey-core/1.19.4/jersey-core-1.19.4.jar:/Users/nikafartenadze/.m2/repository/javax/ws/rs/jsr311-api/1.1.1/jsr311-api-1.1.1.jar:/Users/nikafartenadze/.m2/repository/org/hamcrest/hamcrest-core/1.3/hamcrest-core-1.3.jar:/Users/nikafartenadze/.m2/repository/org/hamcrest/hamcrest-all/1.3/hamcrest-all-1.3.jar:/Users/nikafartenadze/.m2/repository/com/qaprosoft/carina-appcenter/7.4.27/carina-appcenter-7.4.27.jar:/Users/nikafartenadze/.m2/repository/org/springframework/spring-web/5.3.19/spring-web-5.3.19.jar:/Users/nikafartenadze/.m2/repository/org/springframework/spring-beans/5.3.19/spring-beans-5.3.19.jar:/Users/nikafartenadze/.m2/repository/org/springframework/spring-core/5.3.19/spring-core-5.3.19.jar:/Users/nikafartenadze/.m2/repository/org/springframework/spring-jcl/5.3.19/spring-jcl-5.3.19.jar:/Users/nikafartenadze/.m2/repository/com/qaprosoft/carina-aws-s3/7.4.27/carina-aws-s3-7.4.27.jar:/Users/nikafartenadze/.m2/repository/com/amazonaws/aws-java-sdk-core/1.11.923/aws-java-sdk-core-1.11.923.jar:/Users/nikafartenadze/.m2/repository/software/amazon/ion/ion-java/1.0.2/ion-java-1.0.2.jar:/Users/nikafartenadze/.m2/repository/com/fasterxml/jackson/dataformat/jackson-dataformat-cbor/2.6.7/jackson-dataformat-cbor-2.6.7.jar:/Users/nikafartenadze/.m2/repository/com/qaprosoft/carina-proxy/7.4.27/carina-proxy-7.4.27.jar:/Users/nikafartenadze/.m2/repository/net/lightbody/bmp/browsermob-core/2.1.5/browsermob-core-2.1.5.jar:/Users/nikafartenadze/.m2/repository/net/lightbody/bmp/littleproxy/1.1.0-beta-bmp-17/littleproxy-1.1.0-beta-bmp-17.jar:/Users/nikafartenadze/.m2/repository/dnsjava/dnsjava/2.1.8/dnsjava-2.1.8.jar:/Users/nikafartenadze/.m2/repository/org/slf4j/jcl-over-slf4j/1.7.25/jcl-over-slf4j-1.7.25.jar:/Users/nikafartenadze/.m2/repository/com/jcraft/jzlib/1.1.3/jzlib-1.1.3.jar:/Users/nikafartenadze/.m2/repository/org/bouncycastle/bcprov-jdk15on/1.58/bcprov-jdk15on-1.58.jar:/Users/nikafartenadze/.m2/repository/org/bouncycastle/bcpkix-jdk15on/1.58/bcpkix-jdk15on-1.58.jar:/Users/nikafartenadze/.m2/repository/net/lightbody/bmp/mitm/2.1.5/mitm-2.1.5.jar:/Users/nikafartenadze/.m2/repository/io/netty/netty-all/4.1.42.Final/netty-all-4.1.42.Final.jar:/Users/nikafartenadze/.m2/repository/org/apache/commons/commons-lang3/3.5/commons-lang3-3.5.jar:/Users/nikafartenadze/.m2/repository/commons-collections/commons-collections/3.2.2/commons-collections-3.2.2.jar:/Users/nikafartenadze/.m2/repository/org/seleniumhq/selenium/selenium-support/3.141.59/selenium-support-3.141.59.jar:/Users/nikafartenadze/.m2/repository/org/apache/commons/commons-exec/1.3/commons-exec-1.3.jar:/Users/nikafartenadze/.m2/repository/com/squareup/okhttp3/okhttp/3.11.0/okhttp-3.11.0.jar:/Users/nikafartenadze/.m2/repository/com/squareup/okio/okio/1.14.0/okio-1.14.0.jar:/Users/nikafartenadze/.m2/repository/com/amazonaws/aws-java-sdk-s3/1.11.923/aws-java-sdk-s3-1.11.923.jar:/Users/nikafartenadze/.m2/repository/org/testng/testng/7.5/testng-7.5.jar:/Users/nikafartenadze/.m2/repository/com/google/code/findbugs/jsr305/3.0.1/jsr305-3.0.1.jar:/Users/nikafartenadze/.m2/repository/com/beust/jcommander/1.78/jcommander-1.78.jar:/Users/nikafartenadze/.m2/repository/org/webjars/jquery/3.5.1/jquery-3.5.1.jar:/Users/nikafartenadze/.m2/repository/com/nordstrom/tools/testng-foundation/2.0.1/testng-foundation-2.0.1.jar:/Users/nikafartenadze/.m2/repository/com/nordstrom/tools/java-utils/1.9.3/java-utils-1.9.3.jar:/Users/nikafartenadze/.m2/repository/com/nordstrom/tools/settings/2.3.3/settings-2.3.3.jar:/Users/nikafartenadze/.m2/repository/commons-beanutils/commons-beanutils/1.9.4/commons-beanutils-1.9.4.jar:/Users/nikafartenadze/.m2/repository/io/appium/java-client/7.6.0/java-client-7.6.0.jar:/Users/nikafartenadze/.m2/repository/org/seleniumhq/selenium/selenium-java/3.141.59/selenium-java-3.141.59.jar:/Users/nikafartenadze/.m2/repository/org/seleniumhq/selenium/selenium-edge-driver/3.141.59/selenium-edge-driver-3.141.59.jar:/Users/nikafartenadze/.m2/repository/org/seleniumhq/selenium/selenium-ie-driver/3.141.59/selenium-ie-driver-3.141.59.jar:/Users/nikafartenadze/.m2/repository/org/seleniumhq/selenium/selenium-opera-driver/3.141.59/selenium-opera-driver-3.141.59.jar:/Users/nikafartenadze/.m2/repository/org/seleniumhq/selenium/selenium-safari-driver/3.141.59/selenium-safari-driver-3.141.59.jar:/Users/nikafartenadze/.m2/repository/cglib/cglib/3.3.0/cglib-3.3.0.jar:/Users/nikafartenadze/.m2/repository/org/ow2/asm/asm/7.1/asm-7.1.jar:/Users/nikafartenadze/.m2/repository/commons-validator/commons-validator/1.7/commons-validator-1.7.jar:/Users/nikafartenadze/.m2/repository/commons-digester/commons-digester/2.1/commons-digester-2.1.jar:/Users/nikafartenadze/.m2/repository/org/aspectj/aspectjweaver/1.9.7/aspectjweaver-1.9.7.jar:/Users/nikafartenadze/.m2/repository/com/qaprosoft/carina-azure/7.4.27/carina-azure-7.4.27.jar:/Users/nikafartenadze/.m2/repository/com/azure/azure-storage-blob/12.7.0/azure-storage-blob-12.7.0.jar:/Users/nikafartenadze/.m2/repository/com/azure/azure-core/1.5.1/azure-core-1.5.1.jar:/Users/nikafartenadze/.m2/repository/com/fasterxml/jackson/dataformat/jackson-dataformat-xml/2.10.1/jackson-dataformat-xml-2.10.1.jar:/Users/nikafartenadze/.m2/repository/com/fasterxml/jackson/module/jackson-module-jaxb-annotations/2.10.1/jackson-module-jaxb-annotations-2.10.1.jar:/Users/nikafartenadze/.m2/repository/org/codehaus/woodstox/stax2-api/4.2/stax2-api-4.2.jar:/Users/nikafartenadze/.m2/repository/com/fasterxml/woodstox/woodstox-core/6.0.2/woodstox-core-6.0.2.jar:/Users/nikafartenadze/.m2/repository/io/projectreactor/reactor-core/3.3.5.RELEASE/reactor-core-3.3.5.RELEASE.jar:/Users/nikafartenadze/.m2/repository/org/reactivestreams/reactive-streams/1.0.3/reactive-streams-1.0.3.jar:/Users/nikafartenadze/.m2/repository/io/netty/netty-tcnative-boringssl-static/2.0.29.Final/netty-tcnative-boringssl-static-2.0.29.Final.jar:/Users/nikafartenadze/.m2/repository/com/azure/azure-storage-common/12.7.0/azure-storage-common-12.7.0.jar:/Users/nikafartenadze/.m2/repository/com/azure/azure-core-http-netty/1.5.2/azure-core-http-netty-1.5.2.jar:/Users/nikafartenadze/.m2/repository/io/netty/netty-handler/4.1.49.Final/netty-handler-4.1.49.Final.jar:/Users/nikafartenadze/.m2/repository/io/netty/netty-common/4.1.49.Final/netty-common-4.1.49.Final.jar:/Users/nikafartenadze/.m2/repository/io/netty/netty-resolver/4.1.49.Final/netty-resolver-4.1.49.Final.jar:/Users/nikafartenadze/.m2/repository/io/netty/netty-transport/4.1.49.Final/netty-transport-4.1.49.Final.jar:/Users/nikafartenadze/.m2/repository/io/netty/netty-codec/4.1.49.Final/netty-codec-4.1.49.Final.jar:/Users/nikafartenadze/.m2/repository/io/netty/netty-handler-proxy/4.1.49.Final/netty-handler-proxy-4.1.49.Final.jar:/Users/nikafartenadze/.m2/repository/io/netty/netty-codec-socks/4.1.49.Final/netty-codec-socks-4.1.49.Final.jar:/Users/nikafartenadze/.m2/repository/io/netty/netty-buffer/4.1.49.Final/netty-buffer-4.1.49.Final.jar:/Users/nikafartenadze/.m2/repository/io/netty/netty-codec-http/4.1.49.Final/netty-codec-http-4.1.49.Final.jar:/Users/nikafartenadze/.m2/repository/io/netty/netty-codec-http2/4.1.49.Final/netty-codec-http2-4.1.49.Final.jar:/Users/nikafartenadze/.m2/repository/io/netty/netty-transport-native-unix-common/4.1.49.Final/netty-transport-native-unix-common-4.1.49.Final.jar:/Users/nikafartenadze/.m2/repository/io/netty/netty-transport-native-epoll/4.1.49.Final/netty-transport-native-epoll-4.1.49.Final-linux-x86_64.jar:/Users/nikafartenadze/.m2/repository/io/projectreactor/netty/reactor-netty/0.9.7.RELEASE/reactor-netty-0.9.7.RELEASE.jar:/Users/nikafartenadze/.m2/repository/io/cucumber/cucumber-testng/7.5.0/cucumber-testng-7.5.0.jar:/Users/nikafartenadze/.m2/repository/org/apiguardian/apiguardian-api/1.1.2/apiguardian-api-1.1.2.jar:/Users/nikafartenadze/.m2/repository/io/cucumber/cucumber-core/7.5.0/cucumber-core-7.5.0.jar:/Users/nikafartenadze/.m2/repository/io/cucumber/cucumber-gherkin/7.5.0/cucumber-gherkin-7.5.0.jar:/Users/nikafartenadze/.m2/repository/io/cucumber/cucumber-gherkin-messages/7.5.0/cucumber-gherkin-messages-7.5.0.jar:/Users/nikafartenadze/.m2/repository/io/cucumber/gherkin/23.0.1/gherkin-23.0.1.jar:/Users/nikafartenadze/.m2/repository/io/cucumber/messages/18.0.0/messages-18.0.0.jar:/Users/nikafartenadze/.m2/repository/io/cucumber/tag-expressions/4.1.0/tag-expressions-4.1.0.jar:/Users/nikafartenadze/.m2/repository/io/cucumber/cucumber-expressions/16.0.0/cucumber-expressions-16.0.0.jar:/Users/nikafartenadze/.m2/repository/io/cucumber/datatable/7.5.0/datatable-7.5.0.jar:/Users/nikafartenadze/.m2/repository/io/cucumber/cucumber-plugin/7.5.0/cucumber-plugin-7.5.0.jar:/Users/nikafartenadze/.m2/repository/io/cucumber/docstring/7.5.0/docstring-7.5.0.jar:/Users/nikafartenadze/.m2/repository/io/cucumber/html-formatter/19.2.0/html-formatter-19.2.0.jar:/Users/nikafartenadze/.m2/repository/io/cucumber/ci-environment/9.1.0/ci-environment-9.1.0.jar:/Users/nikafartenadze/.m2/repository/io/cucumber/cucumber-java/7.5.0/cucumber-java-7.5.0.jar:/Users/nikafartenadze/.m2/repository/net/masterthought/cucumber-reporting/5.7.1/cucumber-reporting-5.7.1.jar:/Users/nikafartenadze/.m2/repository/com/fasterxml/jackson/core/jackson-databind/2.13.2.2/jackson-databind-2.13.2.2.jar:/Users/nikafartenadze/.m2/repository/com/fasterxml/jackson/datatype/jackson-datatype-jsr310/2.13.2/jackson-datatype-jsr310-2.13.2.jar:/Users/nikafartenadze/.m2/repository/org/apache/velocity/velocity-engine-core/2.3/velocity-engine-core-2.3.jar:/Users/nikafartenadze/.m2/repository/joda-time/joda-time/2.10.14/joda-time-2.10.14.jar:/Users/nikafartenadze/.m2/repository/commons-io/commons-io/2.7/commons-io-2.7.jar:/Users/nikafartenadze/.m2/repository/org/codehaus/plexus/plexus-utils/3.4.2/plexus-utils-3.4.2.jar:/Users/nikafartenadze/.m2/repository/org/jsoup/jsoup/1.15.1/jsoup-1.15.1.jar:/Users/nikafartenadze/.m2/repository/com/google/guava/guava/31.1-jre/guava-31.1-jre.jar:/Users/nikafartenadze/.m2/repository/com/google/guava/failureaccess/1.0.1/failureaccess-1.0.1.jar:/Users/nikafartenadze/.m2/repository/com/google/guava/listenablefuture/9999.0-empty-to-avoid-conflict-with-guava/listenablefuture-9999.0-empty-to-avoid-conflict-with-guava.jar:/Users/nikafartenadze/.m2/repository/org/checkerframework/checker-qual/3.12.0/checker-qual-3.12.0.jar:/Users/nikafartenadze/.m2/repository/com/google/errorprone/error_prone_annotations/2.11.0/error_prone_annotations-2.11.0.jar:/Users/nikafartenadze/.m2/repository/com/google/j2objc/j2objc-annotations/1.3/j2objc-annotations-1.3.jar:/Users/nikafartenadze/.m2/repository/com/googlecode/owasp-java-html-sanitizer/owasp-java-html-sanitizer/20211018.2/owasp-java-html-sanitizer-20211018.2.jar:/Users/nikafartenadze/.m2/repository/commons-configuration/commons-configuration/1.10/commons-configuration-1.10.jar:/Users/nikafartenadze/.m2/repository/commons-lang/commons-lang/2.6/commons-lang-2.6.jar:/Users/nikafartenadze/.m2/repository/commons-logging/commons-logging/1.1.1/commons-logging-1.1.1.jar:/Users/nikafartenadze/.m2/repository/org/slf4j/slf4j-api/1.7.30/slf4j-api-1.7.30.jar:/Users/nikafartenadze/.m2/repository/org/apache/logging/log4j/log4j-api/2.17.1/log4j-api-2.17.1.jar:/Users/nikafartenadze/.m2/repository/org/apache/logging/log4j/log4j-core/2.17.1/log4j-core-2.17.1.jar:/Users/nikafartenadze/.m2/repository/net/bytebuddy/byte-buddy/1.10.18/byte-buddy-1.10.18.jar:/Users/nikafartenadze/.m2/repository/org/apache/maven/surefire/surefire-testng/3.0.0-M6/surefire-testng-3.0.0-M6.jar:/Users/nikafartenadze/.m2/repository/org/apache/maven/surefire/common-java5/3.0.0-M6/common-java5-3.0.0-M6.jar:/Users/nikafartenadze/.m2/repository/org/apache/maven/surefire/surefire-testng-utils/3.0.0-M6/surefire-testng-utils-3.0.0-M6.jar:/Users/nikafartenadze/.m2/repository/org/apache/maven/surefire/surefire-grouper/3.0.0-M6/surefire-grouper-3.0.0-M6.jar"/>
    <property name="java.vm.vendor" value="Amazon.com Inc."/>
    <property name="sun.arch.data.model" value="64"/>
    <property name="java.vendor.url" value="https://aws.amazon.com/corretto/"/>
    <property name="user.timezone" value="Asia/Tbilisi"/>
    <property name="os.name" value="Mac OS X"/>
    <property name="java.vm.specification.version" value="17"/>
    <property name="sun.java.launcher" value="SUN_STANDARD"/>
    <property name="user.country" value="GE"/>
    <property name="sun.boot.library.path" value="/Users/nikafartenadze/Library/Java/JavaVirtualMachines/corretto-17.0.6/Contents/Home/lib"/>
    <property name="sun.java.command" value="org.apache.maven.surefire.booter.ForkedBooter /Users/nikafartenadze/Desktop/PostEduTasks/carina/cucumber/target/surefire 2023-03-07T15-49-39_894-jvmRun1 surefire6089840886433213782tmp surefire_05273028056746108182tmp"/>
    <property name="http.nonProxyHosts" value="local|*.local|dns.google|*.dns.google|one.one.one.one|*.one.one.one.one"/>
    <property name="jdk.debug" value="release"/>
    <property name="surefire.test.class.path" value="/Users/nikafartenadze/Desktop/PostEduTasks/carina/cucumber/target/test-classes:/Users/nikafartenadze/Desktop/PostEduTasks/carina/cucumber/target/classes:/Users/nikafartenadze/.m2/repository/com/qaprosoft/carina-cucumber/7.4.28/carina-cucumber-7.4.28.jar:/Users/nikafartenadze/.m2/repository/com/qaprosoft/carina-core/7.4.27/carina-core-7.4.27.jar:/Users/nikafartenadze/.m2/repository/com/qaprosoft/carina-dataprovider/7.4.27/carina-dataprovider-7.4.27.jar:/Users/nikafartenadze/.m2/repository/com/qaprosoft/carina-commons/7.4.27/carina-commons-7.4.27.jar:/Users/nikafartenadze/.m2/repository/net/sf/opencsv/opencsv/1.7/opencsv-1.7.jar:/Users/nikafartenadze/.m2/repository/org/apache/poi/poi-ooxml/4.1.2/poi-ooxml-4.1.2.jar:/Users/nikafartenadze/.m2/repository/org/apache/poi/poi/4.1.2/poi-4.1.2.jar:/Users/nikafartenadze/.m2/repository/org/apache/commons/commons-collections4/4.4/commons-collections4-4.4.jar:/Users/nikafartenadze/.m2/repository/org/apache/commons/commons-math3/3.6.1/commons-math3-3.6.1.jar:/Users/nikafartenadze/.m2/repository/com/zaxxer/SparseBitSet/1.2/SparseBitSet-1.2.jar:/Users/nikafartenadze/.m2/repository/org/apache/poi/poi-ooxml-schemas/4.1.2/poi-ooxml-schemas-4.1.2.jar:/Users/nikafartenadze/.m2/repository/org/apache/xmlbeans/xmlbeans/3.1.0/xmlbeans-3.1.0.jar:/Users/nikafartenadze/.m2/repository/org/apache/commons/commons-compress/1.19/commons-compress-1.19.jar:/Users/nikafartenadze/.m2/repository/com/github/virtuald/curvesapi/1.06/curvesapi-1.06.jar:/Users/nikafartenadze/.m2/repository/com/qaprosoft/carina-utils/7.4.27/carina-utils-7.4.27.jar:/Users/nikafartenadze/.m2/repository/com/qaprosoft/carina-crypto/7.4.27/carina-crypto-7.4.27.jar:/Users/nikafartenadze/.m2/repository/commons-cli/commons-cli/1.2/commons-cli-1.2.jar:/Users/nikafartenadze/.m2/repository/commons-codec/commons-codec/1.9/commons-codec-1.9.jar:/Users/nikafartenadze/.m2/repository/com/zebrunner/agent-testng-pluggable/1.7.4/agent-testng-pluggable-1.7.4.jar:/Users/nikafartenadze/.m2/repository/com/zebrunner/agent-core/1.7.4/agent-core-1.7.4.jar:/Users/nikafartenadze/.m2/repository/com/konghq/unirest-java/3.13.10/unirest-java-3.13.10.jar:/Users/nikafartenadze/.m2/repository/org/apache/httpcomponents/httpcore-nio/4.4.13/httpcore-nio-4.4.13.jar:/Users/nikafartenadze/.m2/repository/org/apache/httpcomponents/httpasyncclient/4.1.5/httpasyncclient-4.1.5.jar:/Users/nikafartenadze/.m2/repository/org/yaml/snakeyaml/1.30/snakeyaml-1.30.jar:/Users/nikafartenadze/.m2/repository/org/apache/logging/log4j/log4j-slf4j-impl/2.17.1/log4j-slf4j-impl-2.17.1.jar:/Users/nikafartenadze/.m2/repository/org/seleniumhq/selenium/selenium-api/3.141.59/selenium-api-3.141.59.jar:/Users/nikafartenadze/.m2/repository/org/seleniumhq/selenium/selenium-remote-driver/3.141.59/selenium-remote-driver-3.141.59.jar:/Users/nikafartenadze/.m2/repository/com/sun/jna/jna/3.0.9/jna-3.0.9.jar:/Users/nikafartenadze/.m2/repository/io/rest-assured/rest-assured/4.3.0/rest-assured-4.3.0.jar:/Users/nikafartenadze/.m2/repository/org/codehaus/groovy/groovy/3.0.2/groovy-3.0.2.jar:/Users/nikafartenadze/.m2/repository/org/codehaus/groovy/groovy-xml/3.0.2/groovy-xml-3.0.2.jar:/Users/nikafartenadze/.m2/repository/org/apache/httpcomponents/httpmime/4.5.3/httpmime-4.5.3.jar:/Users/nikafartenadze/.m2/repository/org/hamcrest/hamcrest/2.1/hamcrest-2.1.jar:/Users/nikafartenadze/.m2/repository/org/ccil/cowan/tagsoup/tagsoup/1.2.1/tagsoup-1.2.1.jar:/Users/nikafartenadze/.m2/repository/io/rest-assured/xml-path/4.3.0/xml-path-4.3.0.jar:/Users/nikafartenadze/.m2/repository/jakarta/xml/bind/jakarta.xml.bind-api/2.3.2/jakarta.xml.bind-api-2.3.2.jar:/Users/nikafartenadze/.m2/repository/jakarta/activation/jakarta.activation-api/1.2.1/jakarta.activation-api-1.2.1.jar:/Users/nikafartenadze/.m2/repository/com/sun/xml/bind/jaxb-osgi/2.3.0.1/jaxb-osgi-2.3.0.1.jar:/Users/nikafartenadze/.m2/repository/org/apache/sling/org.apache.sling.javax.activation/0.1.0/org.apache.sling.javax.activation-0.1.0.jar:/Users/nikafartenadze/.m2/repository/io/rest-assured/json-path/4.3.0/json-path-4.3.0.jar:/Users/nikafartenadze/.m2/repository/org/codehaus/groovy/groovy-json/3.0.2/groovy-json-3.0.2.jar:/Users/nikafartenadze/.m2/repository/io/rest-assured/rest-assured-common/4.3.0/rest-assured-common-4.3.0.jar:/Users/nikafartenadze/.m2/repository/org/apache/pdfbox/pdfbox/2.0.24/pdfbox-2.0.24.jar:/Users/nikafartenadze/.m2/repository/org/apache/pdfbox/fontbox/2.0.24/fontbox-2.0.24.jar:/Users/nikafartenadze/.m2/repository/com/fasterxml/jackson/core/jackson-core/2.13.3/jackson-core-2.13.3.jar:/Users/nikafartenadze/.m2/repository/com/fasterxml/jackson/core/jackson-annotations/2.13.3/jackson-annotations-2.13.3.jar:/Users/nikafartenadze/.m2/repository/org/mongodb/mongo-java-driver/2.11.3/mongo-java-driver-2.11.3.jar:/Users/nikafartenadze/.m2/repository/commons-net/commons-net/3.3/commons-net-3.3.jar:/Users/nikafartenadze/.m2/repository/org/imgscalr/imgscalr-lib/4.2/imgscalr-lib-4.2.jar:/Users/nikafartenadze/.m2/repository/com/google/code/gson/gson/2.9.0/gson-2.9.0.jar:/Users/nikafartenadze/.m2/repository/javax/xml/bind/jaxb-api/2.2.2/jaxb-api-2.2.2.jar:/Users/nikafartenadze/.m2/repository/javax/xml/stream/stax-api/1.0-2/stax-api-1.0-2.jar:/Users/nikafartenadze/.m2/repository/javax/activation/activation/1.1/activation-1.1.jar:/Users/nikafartenadze/.m2/repository/com/qaprosoft/carina-api/7.4.27/carina-api-7.4.27.jar:/Users/nikafartenadze/.m2/repository/org/apache/httpcomponents/httpclient/4.5.13/httpclient-4.5.13.jar:/Users/nikafartenadze/.m2/repository/org/apache/httpcomponents/httpcore/4.4.13/httpcore-4.4.13.jar:/Users/nikafartenadze/.m2/repository/org/apache/commons/commons-configuration2/2.8.0/commons-configuration2-2.8.0.jar:/Users/nikafartenadze/.m2/repository/org/apache/commons/commons-text/1.10.0/commons-text-1.10.0.jar:/Users/nikafartenadze/.m2/repository/org/freemarker/freemarker/2.3.31/freemarker-2.3.31.jar:/Users/nikafartenadze/.m2/repository/org/skyscreamer/jsonassert/1.5.0/jsonassert-1.5.0.jar:/Users/nikafartenadze/.m2/repository/ognl/ognl/3.3.2/ognl-3.3.2.jar:/Users/nikafartenadze/.m2/repository/org/javassist/javassist/3.28.0-GA/javassist-3.28.0-GA.jar:/Users/nikafartenadze/.m2/repository/org/xmlunit/xmlunit-assertj3/2.8.2/xmlunit-assertj3-2.8.2.jar:/Users/nikafartenadze/.m2/repository/org/xmlunit/xmlunit-core/2.8.2/xmlunit-core-2.8.2.jar:/Users/nikafartenadze/.m2/repository/org/assertj/assertj-core/3.18.1/assertj-core-3.18.1.jar:/Users/nikafartenadze/.m2/repository/io/rest-assured/json-schema-validator/4.3.0/json-schema-validator-4.3.0.jar:/Users/nikafartenadze/.m2/repository/com/github/java-json-tools/json-schema-validator/2.2.10/json-schema-validator-2.2.10.jar:/Users/nikafartenadze/.m2/repository/com/github/java-json-tools/json-schema-core/1.2.10/json-schema-core-1.2.10.jar:/Users/nikafartenadze/.m2/repository/com/github/java-json-tools/jackson-coreutils/1.9/jackson-coreutils-1.9.jar:/Users/nikafartenadze/.m2/repository/com/github/fge/msg-simple/1.1/msg-simple-1.1.jar:/Users/nikafartenadze/.m2/repository/com/github/fge/btf/1.2/btf-1.2.jar:/Users/nikafartenadze/.m2/repository/com/github/fge/uri-template/0.9/uri-template-0.9.jar:/Users/nikafartenadze/.m2/repository/org/mozilla/rhino/1.7.7.1/rhino-1.7.7.1.jar:/Users/nikafartenadze/.m2/repository/javax/mail/mailapi/1.4.3/mailapi-1.4.3.jar:/Users/nikafartenadze/.m2/repository/com/googlecode/libphonenumber/libphonenumber/8.0.0/libphonenumber-8.0.0.jar:/Users/nikafartenadze/.m2/repository/net/sf/jopt-simple/jopt-simple/5.0.3/jopt-simple-5.0.3.jar:/Users/nikafartenadze/.m2/repository/org/everit/json/org.everit.json.schema/1.5.1/org.everit.json.schema-1.5.1.jar:/Users/nikafartenadze/.m2/repository/org/json/json/20160810/json-20160810.jar:/Users/nikafartenadze/.m2/repository/com/jayway/jsonpath/json-path/2.5.0/json-path-2.5.0.jar:/Users/nikafartenadze/.m2/repository/net/minidev/json-smart/2.3/json-smart-2.3.jar:/Users/nikafartenadze/.m2/repository/net/minidev/accessors-smart/1.2/accessors-smart-1.2.jar:/Users/nikafartenadze/.m2/repository/com/qaprosoft/carina-reporting/7.4.27/carina-reporting-7.4.27.jar:/Users/nikafartenadze/.m2/repository/com/qaprosoft/carina-webdriver/7.4.27/carina-webdriver-7.4.27.jar:/Users/nikafartenadze/.m2/repository/org/seleniumhq/selenium/selenium-firefox-driver/3.141.59/selenium-firefox-driver-3.141.59.jar:/Users/nikafartenadze/.m2/repository/org/seleniumhq/selenium/selenium-chrome-driver/3.141.59/selenium-chrome-driver-3.141.59.jar:/Users/nikafartenadze/.m2/repository/ru/yandex/qatools/ashot/ashot/1.5.4/ashot-1.5.4.jar:/Users/nikafartenadze/.m2/repository/com/itextpdf/itextpdf/5.5.13.2/itextpdf-5.5.13.2.jar:/Users/nikafartenadze/.m2/repository/org/reflections/reflections/0.9.10/reflections-0.9.10.jar:/Users/nikafartenadze/.m2/repository/com/google/code/findbugs/annotations/2.0.1/annotations-2.0.1.jar:/Users/nikafartenadze/.m2/repository/com/sun/jersey/jersey-core/1.19.4/jersey-core-1.19.4.jar:/Users/nikafartenadze/.m2/repository/javax/ws/rs/jsr311-api/1.1.1/jsr311-api-1.1.1.jar:/Users/nikafartenadze/.m2/repository/org/hamcrest/hamcrest-core/1.3/hamcrest-core-1.3.jar:/Users/nikafartenadze/.m2/repository/org/hamcrest/hamcrest-all/1.3/hamcrest-all-1.3.jar:/Users/nikafartenadze/.m2/repository/com/qaprosoft/carina-appcenter/7.4.27/carina-appcenter-7.4.27.jar:/Users/nikafartenadze/.m2/repository/org/springframework/spring-web/5.3.19/spring-web-5.3.19.jar:/Users/nikafartenadze/.m2/repository/org/springframework/spring-beans/5.3.19/spring-beans-5.3.19.jar:/Users/nikafartenadze/.m2/repository/org/springframework/spring-core/5.3.19/spring-core-5.3.19.jar:/Users/nikafartenadze/.m2/repository/org/springframework/spring-jcl/5.3.19/spring-jcl-5.3.19.jar:/Users/nikafartenadze/.m2/repository/com/qaprosoft/carina-aws-s3/7.4.27/carina-aws-s3-7.4.27.jar:/Users/nikafartenadze/.m2/repository/com/amazonaws/aws-java-sdk-core/1.11.923/aws-java-sdk-core-1.11.923.jar:/Users/nikafartenadze/.m2/repository/software/amazon/ion/ion-java/1.0.2/ion-java-1.0.2.jar:/Users/nikafartenadze/.m2/repository/com/fasterxml/jackson/dataformat/jackson-dataformat-cbor/2.6.7/jackson-dataformat-cbor-2.6.7.jar:/Users/nikafartenadze/.m2/repository/com/qaprosoft/carina-proxy/7.4.27/carina-proxy-7.4.27.jar:/Users/nikafartenadze/.m2/repository/net/lightbody/bmp/browsermob-core/2.1.5/browsermob-core-2.1.5.jar:/Users/nikafartenadze/.m2/repository/net/lightbody/bmp/littleproxy/1.1.0-beta-bmp-17/littleproxy-1.1.0-beta-bmp-17.jar:/Users/nikafartenadze/.m2/repository/dnsjava/dnsjava/2.1.8/dnsjava-2.1.8.jar:/Users/nikafartenadze/.m2/repository/org/slf4j/jcl-over-slf4j/1.7.25/jcl-over-slf4j-1.7.25.jar:/Users/nikafartenadze/.m2/repository/com/jcraft/jzlib/1.1.3/jzlib-1.1.3.jar:/Users/nikafartenadze/.m2/repository/org/bouncycastle/bcprov-jdk15on/1.58/bcprov-jdk15on-1.58.jar:/Users/nikafartenadze/.m2/repository/org/bouncycastle/bcpkix-jdk15on/1.58/bcpkix-jdk15on-1.58.jar:/Users/nikafartenadze/.m2/repository/net/lightbody/bmp/mitm/2.1.5/mitm-2.1.5.jar:/Users/nikafartenadze/.m2/repository/io/netty/netty-all/4.1.42.Final/netty-all-4.1.42.Final.jar:/Users/nikafartenadze/.m2/repository/org/apache/commons/commons-lang3/3.5/commons-lang3-3.5.jar:/Users/nikafartenadze/.m2/repository/commons-collections/commons-collections/3.2.2/commons-collections-3.2.2.jar:/Users/nikafartenadze/.m2/repository/org/seleniumhq/selenium/selenium-support/3.141.59/selenium-support-3.141.59.jar:/Users/nikafartenadze/.m2/repository/org/apache/commons/commons-exec/1.3/commons-exec-1.3.jar:/Users/nikafartenadze/.m2/repository/com/squareup/okhttp3/okhttp/3.11.0/okhttp-3.11.0.jar:/Users/nikafartenadze/.m2/repository/com/squareup/okio/okio/1.14.0/okio-1.14.0.jar:/Users/nikafartenadze/.m2/repository/com/amazonaws/aws-java-sdk-s3/1.11.923/aws-java-sdk-s3-1.11.923.jar:/Users/nikafartenadze/.m2/repository/org/testng/testng/7.5/testng-7.5.jar:/Users/nikafartenadze/.m2/repository/com/google/code/findbugs/jsr305/3.0.1/jsr305-3.0.1.jar:/Users/nikafartenadze/.m2/repository/com/beust/jcommander/1.78/jcommander-1.78.jar:/Users/nikafartenadze/.m2/repository/org/webjars/jquery/3.5.1/jquery-3.5.1.jar:/Users/nikafartenadze/.m2/repository/com/nordstrom/tools/testng-foundation/2.0.1/testng-foundation-2.0.1.jar:/Users/nikafartenadze/.m2/repository/com/nordstrom/tools/java-utils/1.9.3/java-utils-1.9.3.jar:/Users/nikafartenadze/.m2/repository/com/nordstrom/tools/settings/2.3.3/settings-2.3.3.jar:/Users/nikafartenadze/.m2/repository/commons-beanutils/commons-beanutils/1.9.4/commons-beanutils-1.9.4.jar:/Users/nikafartenadze/.m2/repository/io/appium/java-client/7.6.0/java-client-7.6.0.jar:/Users/nikafartenadze/.m2/repository/org/seleniumhq/selenium/selenium-java/3.141.59/selenium-java-3.141.59.jar:/Users/nikafartenadze/.m2/repository/org/seleniumhq/selenium/selenium-edge-driver/3.141.59/selenium-edge-driver-3.141.59.jar:/Users/nikafartenadze/.m2/repository/org/seleniumhq/selenium/selenium-ie-driver/3.141.59/selenium-ie-driver-3.141.59.jar:/Users/nikafartenadze/.m2/repository/org/seleniumhq/selenium/selenium-opera-driver/3.141.59/selenium-opera-driver-3.141.59.jar:/Users/nikafartenadze/.m2/repository/org/seleniumhq/selenium/selenium-safari-driver/3.141.59/selenium-safari-driver-3.141.59.jar:/Users/nikafartenadze/.m2/repository/cglib/cglib/3.3.0/cglib-3.3.0.jar:/Users/nikafartenadze/.m2/repository/org/ow2/asm/asm/7.1/asm-7.1.jar:/Users/nikafartenadze/.m2/repository/commons-validator/commons-validator/1.7/commons-validator-1.7.jar:/Users/nikafartenadze/.m2/repository/commons-digester/commons-digester/2.1/commons-digester-2.1.jar:/Users/nikafartenadze/.m2/repository/org/aspectj/aspectjweaver/1.9.7/aspectjweaver-1.9.7.jar:/Users/nikafartenadze/.m2/repository/com/qaprosoft/carina-azure/7.4.27/carina-azure-7.4.27.jar:/Users/nikafartenadze/.m2/repository/com/azure/azure-storage-blob/12.7.0/azure-storage-blob-12.7.0.jar:/Users/nikafartenadze/.m2/repository/com/azure/azure-core/1.5.1/azure-core-1.5.1.jar:/Users/nikafartenadze/.m2/repository/com/fasterxml/jackson/dataformat/jackson-dataformat-xml/2.10.1/jackson-dataformat-xml-2.10.1.jar:/Users/nikafartenadze/.m2/repository/com/fasterxml/jackson/module/jackson-module-jaxb-annotations/2.10.1/jackson-module-jaxb-annotations-2.10.1.jar:/Users/nikafartenadze/.m2/repository/org/codehaus/woodstox/stax2-api/4.2/stax2-api-4.2.jar:/Users/nikafartenadze/.m2/repository/com/fasterxml/woodstox/woodstox-core/6.0.2/woodstox-core-6.0.2.jar:/Users/nikafartenadze/.m2/repository/io/projectreactor/reactor-core/3.3.5.RELEASE/reactor-core-3.3.5.RELEASE.jar:/Users/nikafartenadze/.m2/repository/org/reactivestreams/reactive-streams/1.0.3/reactive-streams-1.0.3.jar:/Users/nikafartenadze/.m2/repository/io/netty/netty-tcnative-boringssl-static/2.0.29.Final/netty-tcnative-boringssl-static-2.0.29.Final.jar:/Users/nikafartenadze/.m2/repository/com/azure/azure-storage-common/12.7.0/azure-storage-common-12.7.0.jar:/Users/nikafartenadze/.m2/repository/com/azure/azure-core-http-netty/1.5.2/azure-core-http-netty-1.5.2.jar:/Users/nikafartenadze/.m2/repository/io/netty/netty-handler/4.1.49.Final/netty-handler-4.1.49.Final.jar:/Users/nikafartenadze/.m2/repository/io/netty/netty-common/4.1.49.Final/netty-common-4.1.49.Final.jar:/Users/nikafartenadze/.m2/repository/io/netty/netty-resolver/4.1.49.Final/netty-resolver-4.1.49.Final.jar:/Users/nikafartenadze/.m2/repository/io/netty/netty-transport/4.1.49.Final/netty-transport-4.1.49.Final.jar:/Users/nikafartenadze/.m2/repository/io/netty/netty-codec/4.1.49.Final/netty-codec-4.1.49.Final.jar:/Users/nikafartenadze/.m2/repository/io/netty/netty-handler-proxy/4.1.49.Final/netty-handler-proxy-4.1.49.Final.jar:/Users/nikafartenadze/.m2/repository/io/netty/netty-codec-socks/4.1.49.Final/netty-codec-socks-4.1.49.Final.jar:/Users/nikafartenadze/.m2/repository/io/netty/netty-buffer/4.1.49.Final/netty-buffer-4.1.49.Final.jar:/Users/nikafartenadze/.m2/repository/io/netty/netty-codec-http/4.1.49.Final/netty-codec-http-4.1.49.Final.jar:/Users/nikafartenadze/.m2/repository/io/netty/netty-codec-http2/4.1.49.Final/netty-codec-http2-4.1.49.Final.jar:/Users/nikafartenadze/.m2/repository/io/netty/netty-transport-native-unix-common/4.1.49.Final/netty-transport-native-unix-common-4.1.49.Final.jar:/Users/nikafartenadze/.m2/repository/io/netty/netty-transport-native-epoll/4.1.49.Final/netty-transport-native-epoll-4.1.49.Final-linux-x86_64.jar:/Users/nikafartenadze/.m2/repository/io/projectreactor/netty/reactor-netty/0.9.7.RELEASE/reactor-netty-0.9.7.RELEASE.jar:/Users/nikafartenadze/.m2/repository/io/cucumber/cucumber-testng/7.5.0/cucumber-testng-7.5.0.jar:/Users/nikafartenadze/.m2/repository/org/apiguardian/apiguardian-api/1.1.2/apiguardian-api-1.1.2.jar:/Users/nikafartenadze/.m2/repository/io/cucumber/cucumber-core/7.5.0/cucumber-core-7.5.0.jar:/Users/nikafartenadze/.m2/repository/io/cucumber/cucumber-gherkin/7.5.0/cucumber-gherkin-7.5.0.jar:/Users/nikafartenadze/.m2/repository/io/cucumber/cucumber-gherkin-messages/7.5.0/cucumber-gherkin-messages-7.5.0.jar:/Users/nikafartenadze/.m2/repository/io/cucumber/gherkin/23.0.1/gherkin-23.0.1.jar:/Users/nikafartenadze/.m2/repository/io/cucumber/messages/18.0.0/messages-18.0.0.jar:/Users/nikafartenadze/.m2/repository/io/cucumber/tag-expressions/4.1.0/tag-expressions-4.1.0.jar:/Users/nikafartenadze/.m2/repository/io/cucumber/cucumber-expressions/16.0.0/cucumber-expressions-16.0.0.jar:/Users/nikafartenadze/.m2/repository/io/cucumber/datatable/7.5.0/datatable-7.5.0.jar:/Users/nikafartenadze/.m2/repository/io/cucumber/cucumber-plugin/7.5.0/cucumber-plugin-7.5.0.jar:/Users/nikafartenadze/.m2/repository/io/cucumber/docstring/7.5.0/docstring-7.5.0.jar:/Users/nikafartenadze/.m2/repository/io/cucumber/html-formatter/19.2.0/html-formatter-19.2.0.jar:/Users/nikafartenadze/.m2/repository/io/cucumber/ci-environment/9.1.0/ci-environment-9.1.0.jar:/Users/nikafartenadze/.m2/repository/io/cucumber/cucumber-java/7.5.0/cucumber-java-7.5.0.jar:/Users/nikafartenadze/.m2/repository/net/masterthought/cucumber-reporting/5.7.1/cucumber-reporting-5.7.1.jar:/Users/nikafartenadze/.m2/repository/com/fasterxml/jackson/core/jackson-databind/2.13.2.2/jackson-databind-2.13.2.2.jar:/Users/nikafartenadze/.m2/repository/com/fasterxml/jackson/datatype/jackson-datatype-jsr310/2.13.2/jackson-datatype-jsr310-2.13.2.jar:/Users/nikafartenadze/.m2/repository/org/apache/velocity/velocity-engine-core/2.3/velocity-engine-core-2.3.jar:/Users/nikafartenadze/.m2/repository/joda-time/joda-time/2.10.14/joda-time-2.10.14.jar:/Users/nikafartenadze/.m2/repository/commons-io/commons-io/2.7/commons-io-2.7.jar:/Users/nikafartenadze/.m2/repository/org/codehaus/plexus/plexus-utils/3.4.2/plexus-utils-3.4.2.jar:/Users/nikafartenadze/.m2/repository/org/jsoup/jsoup/1.15.1/jsoup-1.15.1.jar:/Users/nikafartenadze/.m2/repository/com/google/guava/guava/31.1-jre/guava-31.1-jre.jar:/Users/nikafartenadze/.m2/repository/com/google/guava/failureaccess/1.0.1/failureaccess-1.0.1.jar:/Users/nikafartenadze/.m2/repository/com/google/guava/listenablefuture/9999.0-empty-to-avoid-conflict-with-guava/listenablefuture-9999.0-empty-to-avoid-conflict-with-guava.jar:/Users/nikafartenadze/.m2/repository/org/checkerframework/checker-qual/3.12.0/checker-qual-3.12.0.jar:/Users/nikafartenadze/.m2/repository/com/google/errorprone/error_prone_annotations/2.11.0/error_prone_annotations-2.11.0.jar:/Users/nikafartenadze/.m2/repository/com/google/j2objc/j2objc-annotations/1.3/j2objc-annotations-1.3.jar:/Users/nikafartenadze/.m2/repository/com/googlecode/owasp-java-html-sanitizer/owasp-java-html-sanitizer/20211018.2/owasp-java-html-sanitizer-20211018.2.jar:/Users/nikafartenadze/.m2/repository/commons-configuration/commons-configuration/1.10/commons-configuration-1.10.jar:/Users/nikafartenadze/.m2/repository/commons-lang/commons-lang/2.6/commons-lang-2.6.jar:/Users/nikafartenadze/.m2/repository/commons-logging/commons-logging/1.1.1/commons-logging-1.1.1.jar:/Users/nikafartenadze/.m2/repository/org/slf4j/slf4j-api/1.7.30/slf4j-api-1.7.30.jar:/Users/nikafartenadze/.m2/repository/org/apache/logging/log4j/log4j-api/2.17.1/log4j-api-2.17.1.jar:/Users/nikafartenadze/.m2/repository/org/apache/logging/log4j/log4j-core/2.17.1/log4j-core-2.17.1.jar:/Users/nikafartenadze/.m2/repository/net/bytebuddy/byte-buddy/1.10.18/byte-buddy-1.10.18.jar:"/>
    <property name="sun.cpu.endian" value="little"/>
    <property name="user.home" value="/Users/nikafartenadze"/>
    <property name="user.language" value="en"/>
    <property name="java.specification.vendor" value="Oracle Corporation"/>
    <property name="java.version.date" value="2023-01-17"/>
    <property name="java.home" value="/Users/nikafartenadze/Library/Java/JavaVirtualMachines/corretto-17.0.6/Contents/Home"/>
    <property name="file.separator" value="/"/>
    <property name="basedir" value="/Users/nikafartenadze/Desktop/PostEduTasks/carina/cucumber"/>
    <property name="java.vm.compressedOopsMode" value="Zero based"/>
    <property name="line.separator" value="&#10;"/>
    <property name="java.specification.name" value="Java Platform API Specification"/>
    <property name="java.vm.specification.vendor" value="Oracle Corporation"/>
    <property name="sun.management.compiler" value="HotSpot 64-Bit Tiered Compilers"/>
    <property name="ftp.nonProxyHosts" value="local|*.local|dns.google|*.dns.google|one.one.one.one|*.one.one.one.one"/>
    <property name="java.runtime.version" value="17.0.6+10-LTS"/>
    <property name="user.name" value="nikafartenadze"/>
    <property name="path.separator" value=":"/>
    <property name="os.version" value="13.2"/>
    <property name="java.runtime.name" value="OpenJDK Runtime Environment"/>
    <property name="file.encoding" value="UTF-8"/>
    <property name="java.vm.name" value="OpenJDK 64-Bit Server VM"/>
    <property name="java.vendor.version" value="Corretto-17.0.6.10.1"/>
    <property name="localRepository" value="/Users/nikafartenadze/.m2/repository"/>
    <property name="java.vendor.url.bug" value="https://github.com/corretto/corretto-17/issues/"/>
    <property name="java.io.tmpdir" value="/var/folders/t5/x0mgb2c53hgfrsyg0p8l53040000gn/T/"/>
    <property name="java.version" value="17.0.6"/>
    <property name="user.dir" value="/Users/nikafartenadze/Desktop/PostEduTasks/carina/cucumber"/>
    <property name="os.arch" value="aarch64"/>
    <property name="java.vm.specification.name" value="Java Virtual Machine Specification"/>
    <property name="native.encoding" value="UTF-8"/>
    <property name="java.library.path" value="/Users/nikafartenadze/Library/Java/Extensions:/Library/Java/Extensions:/Network/Library/Java/Extensions:/System/Library/Java/Extensions:/usr/lib/java:."/>
    <property name="java.vm.info" value="mixed mode, sharing"/>
    <property name="java.vendor" value="Amazon.com Inc."/>
    <property name="java.vm.version" value="17.0.6+10-LTS"/>
    <property name="sun.io.unicode.encoding" value="UnicodeBig"/>
    <property name="socksNonProxyHosts" value="local|*.local|dns.google|*.dns.google|one.one.one.one|*.one.one.one.one"/>
    <property name="java.class.version" value="61.0"/>
  </properties>
  <testcase name="helloWorld" classname="solvd.carina.demo.HelloWorld" time="0.036">
    <system-out><![CDATA[2023-03-07 15:49:40 CarinaListener [main] [INFO] 
============= Test configuration =============
url=https://www.gsmarena.com
env=DEMO
selenium_url=http://localhost:4444/wd/hub
auto_screenshot=true
retry_interval=5
project_report_directory=./reports
max_screen_history=10
localization_encoding=UTF-8
selenium_url=http://localhost:4444/wd/hub

------------- Driver capabilities -----------
capabilities.browserName=chrome
================================================

2023-03-07 15:49:40 TestRunRegistrar [main-1] [WARN] Reporting disabled: using no op test run registrar
2023-03-07 15:49:41 Reflections [main-1] [INFO] Reflections took 463 ms to scan 13 urls, producing 2620 keys and 12770 values 
2023-03-07 15:49:41 CarinaListener [main-1] [INFO] Set thread-count=1
2023-03-07 15:49:41 CarinaListener [main-1] [INFO] Set data-provider-thread-count=1
2023-03-07 15:49:41 CarinaListener [main-1] [INFO] CARINA_CORE_VERSION: 7.4.27
2023-03-07 15:49:41 TestRunRegistrar [TestNG-test=Hello World test-1] [WARN] Reporting disabled: using no op test run registrar
2023-03-07 15:49:41 Messager [TestNG-test=Hello World test-1-21] [INFO] TEST [Hello World test - helloWorld] STARTED at [15:49:41 2023-03-07]
2023-03-07 15:49:41 HelloWorld [TestNG-test=Hello World test-1-21] [INFO] Hello World!
2023-03-07 15:49:41 Messager [TestNG-test=Hello World test-1-21] [INFO] TEST [Hello World test - helloWorld] PASSED at [15:49:41 2023-03-07]
]]></system-out>
  </testcase>
</testsuite>