<?xml version="1.0" encoding="UTF-8"?>
<!-- Generated by org.testng.reporters.JUnitReportReporter -->
<testsuite hostname="nikas-MacBook-Pro.local" failures="0" tests="1" name="solvd.carina.demo.HelloWorld" time="0.012" errors="0" timestamp="2023-03-07T15:49:41 GET" skipped="0">
  <testcase classname="solvd.carina.demo.HelloWorld" name="helloWorld" time="0.012"/>
  <system-out/>
</testsuite> <!-- solvd.carina.demo.HelloWorld -->
